<?xml version="1.0" encoding="UTF-8"?>
<!-- Generated by org.testng.reporters.JUnitXMLReporter -->
<testsuite hostname="Kanwar07" ignored="0" name="MyRegression test--productinfoPage" tests="3" failures="0" timestamp="23 Sep 2021 08:42:12 GMT" time="4.794" errors="0">
  <testcase name="getHeaderDetailsTest" time="1.066" classname="com.saucedemo.qa.test.ProductInfoPageTest"/>
  <testcase name="HeaderCountTest" time="0.305" classname="com.saucedemo.qa.test.ProductInfoPageTest"/>
  <testcase name="selectProductList" time="0.148" classname="com.saucedemo.qa.test.ProductInfoPageTest"/>
</testsuite> <!-- MyRegression test-productinfoPage -->
