<?xml version="1.0" encoding="UTF-8"?>
<!-- Generated by org.testng.reporters.JUnitXMLReporter -->
<testsuite hostname="Kanwar07" ignored="0" name="MyRegression test--AddtoCartPage" tests="2" failures="0" timestamp="23 Sep 2021 08:42:17 GMT" time="4.824" errors="0">
  <testcase name="getProductDetailsTest" time="0.178" classname="com.saucedemo.qa.test.AddtoCartPageTest"/>
  <testcase name="checkdoAddCart" time="0.467" classname="com.saucedemo.qa.test.AddtoCartPageTest"/>
</testsuite> <!-- MyRegression test-AddtoCartPage -->
