<?xml version="1.0" encoding="UTF-8"?>
<!-- Generated by org.testng.reporters.JUnitXMLReporter -->
<testsuite hostname="Kanwar07" ignored="0" name="MyRegression test--CheckOutPage" tests="2" failures="0" timestamp="23 Sep 2021 08:42:23 GMT" time="5.82" errors="0">
  <testcase name="fillCheckOutInfoTest" time="0.781" classname="com.saucedemo.qa.test.CheckOutPageTest"/>
  <testcase name="checkCheckoutpreviewTest" time="0.278" classname="com.saucedemo.qa.test.CheckOutPageTest"/>
</testsuite> <!-- MyRegression test-CheckOutPage -->
