<?xml version="1.0" encoding="UTF-8"?>
<!-- Generated by org.testng.reporters.JUnitXMLReporter -->
<testsuite hostname="Kanwar07" ignored="0" name="MyRegression test--LoginPage" tests="2" failures="0" timestamp="23 Sep 2021 08:42:07 GMT" time="11.07" errors="0">
  <testcase name="loginpagetitletest" time="0.051" classname="com.saucedemo.qa.test.loginPageTest"/>
  <testcase name="dologinTest" time="0.802" classname="com.saucedemo.qa.test.loginPageTest"/>
</testsuite> <!-- MyRegression test-LoginPage -->
